<?xml version="1.0" encoding="UTF-8"?>
<testsuite name="test baidu example"
           tests="1"
           failures="1"
           errors="0"
           skipped="0"
           time="11.058">
  <properties />
            <testcase name="testBaidu" time="11.058" classname="com.star.externs.UserTestCase">
                <failure type="java.lang.RuntimeException"
                  message="Assert Failed:"
              >
<![CDATA[java.lang.RuntimeException: Assert Failed:
  com.star.toolapi.webdriver.IEWebDriverWebPublic.testAssertions(IEWebDriverWebPublic.java:96)
  com.star.toolapi.webdriver.IEWebDriverWebPublic.alertExists(IEWebDriverWebPublic.java:1797)
  com.star.externs.UserTestCase.testBaidu(Unknown Source)
  sun.reflect.NativeMethodAccessorImpl.invoke0(Native Method)
  sun.reflect.NativeMethodAccessorImpl.invoke(NativeMethodAccessorImpl.java:39)
  sun.reflect.DelegatingMethodAccessorImpl.invoke(DelegatingMethodAccessorImpl.java:25)
  java.lang.reflect.Method.invoke(Method.java:597)
  org.testng.internal.MethodInvocationHelper.invokeMethod(MethodInvocationHelper.java:80)
  org.testng.internal.Invoker.invokeMethod(Invoker.java:701)
  org.testng.internal.Invoker.invokeTestMethod(Invoker.java:893)
  org.testng.internal.Invoker.invokeTestMethods(Invoker.java:1218)
  org.testng.internal.TestMethodWorker.invokeTestMethods(TestMethodWorker.java:127)
  org.testng.internal.TestMethodWorker.run(TestMethodWorker.java:111)
  org.testng.TestRunner.privateRun(TestRunner.java:758)
  org.testng.TestRunner.run(TestRunner.java:613)
  org.testng.SuiteRunner.runTest(SuiteRunner.java:334)
  org.testng.SuiteRunner.runSequentially(SuiteRunner.java:329)
  org.testng.SuiteRunner.privateRun(SuiteRunner.java:291)
  org.testng.SuiteRunner.run(SuiteRunner.java:240)
  org.testng.SuiteRunnerWorker.runSuite(SuiteRunnerWorker.java:53)
  org.testng.SuiteRunnerWorker.run(SuiteRunnerWorker.java:87)
  org.testng.TestNG.runSuitesSequentially(TestNG.java:1170)
  org.testng.TestNG.runSuitesLocally(TestNG.java:1095)
  org.testng.TestNG.run(TestNG.java:1007)
  org.testng.TestNG.privateMain(TestNG.java:1315)
  org.testng.TestNG.main(TestNG.java:1279)
]]>
      </failure>

          </testcase>
  
  
  
</testsuite>
